<?xml version="1.0" encoding="UTF-8"?>
<testsuite name="com.paulocorreaslz.sisevent.SiseventApplicationTests" time="0.005" tests="1" errors="1" skipped="0" failures="0">
  <properties>
[...]
</properties>
  <testcase name="initializationError" classname="com.paulocorreaslz.sisevent.SiseventApplicationTests" time="0.005">
    <error message="Unable to find a @SpringBootConfiguration, you need to use @ContextConfiguration or @SpringBootTest(classes=...) with your test" type="java.lang.IllegalStateException"><![CDATA[java.lang.IllegalStateException: Unable to find a @SpringBootConfiguration, you need to use @ContextConfiguration or @SpringBootTest(classes=...) with your test
	at org.springframework.util.Assert.state(Assert.java:70)
	at org.springframework.boot.test.context.SpringBootTestContextBootstrapper.getOrFindConfigurationClasses(SpringBootTestContextBootstrapper.java:202)
	at org.springframework.boot.test.context.SpringBootTestContextBootstrapper.processMergedContextConfiguration(SpringBootTestContextBootstrapper.java:137)
	at org.springframework.test.context.support.AbstractTestContextBootstrapper.buildMergedContextConfiguration(AbstractTestContextBootstrapper.java:397)
	at org.springframework.test.context.support.AbstractTestContextBootstrapper.buildDefaultMergedContextConfiguration(AbstractTestContextBootstrapper.java:311)
	at org.springframework.test.context.support.AbstractTestContextBootstrapper.buildMergedContextConfiguration(AbstractTestContextBootstrapper.java:265)
	at org.springframework.test.context.support.AbstractTestContextBootstrapper.buildTestContext(AbstractTestContextBootstrapper.java:105)
	at org.springframework.boot.test.context.SpringBootTestContextBootstrapper.buildTestContext(SpringBootTestContextBootstrapper.java:82)
	at org.springframework.test.context.TestContextManager.<init>(TestContextManager.java:120)
	at org.springframework.test.context.TestContextManager.<init>(TestContextManager.java:105)
	at org.springframework.test.context.junit4.SpringJUnit4ClassRunner.createTestContextManager(SpringJUnit4ClassRunner.java:152)
	at org.springframework.test.context.junit4.SpringJUnit4ClassRunner.<init>(SpringJUnit4ClassRunner.java:143)
	at org.springframework.test.context.junit4.SpringRunner.<init>(SpringRunner.java:49)
	at sun.reflect.NativeConstructorAccessorImpl.newInstance0(Native Method)
	at sun.reflect.NativeConstructorAccessorImpl.newInstance(NativeConstructorAccessorImpl.java:62)
	at sun.reflect.DelegatingConstructorAccessorImpl.newInstance(DelegatingConstructorAccessorImpl.java:45)
	at java.lang.reflect.Constructor.newInstance(Constructor.java:423)
	at org.junit.internal.builders.AnnotatedBuilder.buildRunner(AnnotatedBuilder.java:104)
	at org.junit.internal.builders.AnnotatedBuilder.runnerForClass(AnnotatedBuilder.java:86)
	at org.junit.runners.model.RunnerBuilder.safeRunnerForClass(RunnerBuilder.java:59)
	at org.junit.internal.builders.AllDefaultPossibilitiesBuilder.runnerForClass(AllDefaultPossibilitiesBuilder.java:26)
	at org.junit.runners.model.RunnerBuilder.safeRunnerForClass(RunnerBuilder.java:59)
	at org.junit.internal.requests.ClassRequest.getRunner(ClassRequest.java:33)
	at org.apache.maven.surefire.junit4.JUnit4Provider.execute(JUnit4Provider.java:283)
	at org.apache.maven.surefire.junit4.JUnit4Provider.executeWithRerun(JUnit4Provider.java:173)
	at org.apache.maven.surefire.junit4.JUnit4Provider.executeTestSet(JUnit4Provider.java:153)
	at org.apache.maven.surefire.junit4.JUnit4Provider.invoke(JUnit4Provider.java:128)
	at org.apache.maven.surefire.booter.ForkedBooter.invokeProviderInSameClassLoader(ForkedBooter.java:203)
	at org.apache.maven.surefire.booter.ForkedBooter.runSuitesInProcess(ForkedBooter.java:155)
	at org.apache.maven.surefire.booter.ForkedBooter.main(ForkedBooter.java:103)
]]></error>
    <system-out><![CDATA[23:45:38.669 [main] DEBUG org.springframework.test.context.junit4.SpringJUnit4ClassRunner - SpringJUnit4ClassRunner constructor called with [class com.paulocorreaslz.sisevent.SiseventApplicationTests]
23:45:38.673 [main] DEBUG org.springframework.test.context.BootstrapUtils - Instantiating CacheAwareContextLoaderDelegate from class [org.springframework.test.context.cache.DefaultCacheAwareContextLoaderDelegate]
23:45:38.678 [main] DEBUG org.springframework.test.context.BootstrapUtils - Instantiating BootstrapContext using constructor [public org.springframework.test.context.support.DefaultBootstrapContext(java.lang.Class,org.springframework.test.context.CacheAwareContextLoaderDelegate)]
23:45:38.691 [main] DEBUG org.springframework.test.context.BootstrapUtils - Instantiating TestContextBootstrapper for test class [com.paulocorreaslz.sisevent.SiseventApplicationTests] from class [org.springframework.boot.test.context.SpringBootTestContextBootstrapper]
23:45:38.699 [main] INFO org.springframework.boot.test.context.SpringBootTestContextBootstrapper - Neither @ContextConfiguration nor @ContextHierarchy found for test class [com.paulocorreaslz.sisevent.SiseventApplicationTests], using SpringBootContextLoader
23:45:38.701 [main] DEBUG org.springframework.test.context.support.AbstractContextLoader - Did not detect default resource location for test class [com.paulocorreaslz.sisevent.SiseventApplicationTests]: class path resource [com/paulocorreaslz/sisevent/SiseventApplicationTests-context.xml] does not exist
23:45:38.701 [main] DEBUG org.springframework.test.context.support.AbstractContextLoader - Did not detect default resource location for test class [com.paulocorreaslz.sisevent.SiseventApplicationTests]: class path resource [com/paulocorreaslz/sisevent/SiseventApplicationTestsContext.groovy] does not exist
23:45:38.702 [main] INFO org.springframework.test.context.support.AbstractContextLoader - Could not detect default resource locations for test class [com.paulocorreaslz.sisevent.SiseventApplicationTests]: no resource found for suffixes {-context.xml, Context.groovy}.
23:45:38.702 [main] INFO org.springframework.test.context.support.AnnotationConfigContextLoaderUtils - Could not detect default configuration classes for test class [com.paulocorreaslz.sisevent.SiseventApplicationTests]: SiseventApplicationTests does not declare any static, non-private, non-final, nested classes annotated with @Configuration.
23:45:38.724 [main] DEBUG org.springframework.test.context.support.ActiveProfilesUtils - Could not find an 'annotation declaring class' for annotation type [org.springframework.test.context.ActiveProfiles] and class [com.paulocorreaslz.sisevent.SiseventApplicationTests]
23:45:38.730 [main] DEBUG org.springframework.core.env.StandardEnvironment - Adding PropertySource 'systemProperties' with lowest search precedence
23:45:38.731 [main] DEBUG org.springframework.core.env.StandardEnvironment - Adding PropertySource 'systemEnvironment' with lowest search precedence
23:45:38.732 [main] DEBUG org.springframework.core.env.StandardEnvironment - Initialized StandardEnvironment with PropertySources [MapPropertySource@1110623531 {name='systemProperties', properties={java.runtime.name=OpenJDK Runtime Environment, awt.useSystemAAFontSettings=gasp, sun.boot.library.path=/usr/lib/jvm/java-8-openjdk-amd64/jre/lib/amd64, java.vm.version=25.171-b11, java.vm.vendor=Oracle Corporation, java.vendor.url=http://java.oracle.com/, path.separator=:, java.vm.name=OpenJDK 64-Bit Server VM, file.encoding.pkg=sun.io, user.country=BR, sun.java.launcher=SUN_STANDARD, sun.os.patch.level=unknown, java.vm.specification.name=Java Virtual Machine Specification, user.dir=/home/paulo/eclipse-workspace/tegra-api, java.runtime.version=1.8.0_171-8u171-b11-2-b11, basedir=/home/paulo/eclipse-workspace/tegra-api, java.awt.graphicsenv=sun.awt.X11GraphicsEnvironment, java.endorsed.dirs=/usr/lib/jvm/java-8-openjdk-amd64/jre/lib/endorsed, os.arch=amd64, surefire.real.class.path=/home/paulo/eclipse-workspace/tegra-api/target/surefire/surefirebooter7332515555028373460.jar, java.io.tmpdir=/tmp, line.separator=
, java.vm.specification.vendor=Oracle Corporation, os.name=Linux, sun.jnu.encoding=UTF-8, java.library.path=/usr/java/packages/lib/amd64:/usr/lib/x86_64-linux-gnu/jni:/lib/x86_64-linux-gnu:/usr/lib/x86_64-linux-gnu:/usr/lib/jni:/lib:/usr/lib, surefire.test.class.path=/home/paulo/eclipse-workspace/tegra-api/target/test-classes:/home/paulo/eclipse-workspace/tegra-api/target/classes:/home/paulo/.m2/repository/org/springframework/boot/spring-boot-starter-tomcat/1.5.21.RELEASE/spring-boot-starter-tomcat-1.5.21.RELEASE.jar:/home/paulo/.m2/repository/org/apache/tomcat/embed/tomcat-embed-core/8.5.40/tomcat-embed-core-8.5.40.jar:/home/paulo/.m2/repository/org/apache/tomcat/tomcat-annotations-api/8.5.40/tomcat-annotations-api-8.5.40.jar:/home/paulo/.m2/repository/org/apache/tomcat/embed/tomcat-embed-el/8.5.40/tomcat-embed-el-8.5.40.jar:/home/paulo/.m2/repository/org/apache/tomcat/embed/tomcat-embed-websocket/8.5.40/tomcat-embed-websocket-8.5.40.jar:/home/paulo/.m2/repository/org/springframework/boot/spring-boot-starter-web/1.5.21.RELEASE/spring-boot-starter-web-1.5.21.RELEASE.jar:/home/paulo/.m2/repository/org/springframework/boot/spring-boot-starter/1.5.21.RELEASE/spring-boot-starter-1.5.21.RELEASE.jar:/home/paulo/.m2/repository/org/springframework/boot/spring-boot-starter-logging/1.5.21.RELEASE/spring-boot-starter-logging-1.5.21.RELEASE.jar:/home/paulo/.m2/repository/ch/qos/logback/logback-classic/1.1.11/logback-classic-1.1.11.jar:/home/paulo/.m2/repository/ch/qos/logback/logback-core/1.1.11/logback-core-1.1.11.jar:/home/paulo/.m2/repository/org/slf4j/jcl-over-slf4j/1.7.26/jcl-over-slf4j-1.7.26.jar:/home/paulo/.m2/repository/org/slf4j/jul-to-slf4j/1.7.26/jul-to-slf4j-1.7.26.jar:/home/paulo/.m2/repository/org/slf4j/log4j-over-slf4j/1.7.26/log4j-over-slf4j-1.7.26.jar:/home/paulo/.m2/repository/org/yaml/snakeyaml/1.17/snakeyaml-1.17.jar:/home/paulo/.m2/repository/org/hibernate/hibernate-validator/5.3.6.Final/hibernate-validator-5.3.6.Final.jar:/home/paulo/.m2/repository/javax/validation/validation-api/1.1.0.Final/validation-api-1.1.0.Final.jar:/home/paulo/.m2/repository/org/jboss/logging/jboss-logging/3.3.2.Final/jboss-logging-3.3.2.Final.jar:/home/paulo/.m2/repository/com/fasterxml/jackson/core/jackson-databind/2.8.11.3/jackson-databind-2.8.11.3.jar:/home/paulo/.m2/repository/com/fasterxml/jackson/core/jackson-annotations/2.8.0/jackson-annotations-2.8.0.jar:/home/paulo/.m2/repository/com/fasterxml/jackson/core/jackson-core/2.8.11/jackson-core-2.8.11.jar:/home/paulo/.m2/repository/org/springframework/spring-web/4.3.24.RELEASE/spring-web-4.3.24.RELEASE.jar:/home/paulo/.m2/repository/org/springframework/spring-aop/4.3.24.RELEASE/spring-aop-4.3.24.RELEASE.jar:/home/paulo/.m2/repository/org/springframework/spring-beans/4.3.24.RELEASE/spring-beans-4.3.24.RELEASE.jar:/home/paulo/.m2/repository/org/springframework/spring-context/4.3.24.RELEASE/spring-context-4.3.24.RELEASE.jar:/home/paulo/.m2/repository/org/springframework/spring-webmvc/4.3.24.RELEASE/spring-webmvc-4.3.24.RELEASE.jar:/home/paulo/.m2/repository/org/springframework/spring-expression/4.3.24.RELEASE/spring-expression-4.3.24.RELEASE.jar:/home/paulo/.m2/repository/org/springframework/boot/spring-boot-devtools/1.5.21.RELEASE/spring-boot-devtools-1.5.21.RELEASE.jar:/home/paulo/.m2/repository/org/springframework/boot/spring-boot/1.5.21.RELEASE/spring-boot-1.5.21.RELEASE.jar:/home/paulo/.m2/repository/org/springframework/boot/spring-boot-autoconfigure/1.5.21.RELEASE/spring-boot-autoconfigure-1.5.21.RELEASE.jar:/home/paulo/.m2/repository/org/springframework/boot/spring-boot-starter-test/1.5.21.RELEASE/spring-boot-starter-test-1.5.21.RELEASE.jar:/home/paulo/.m2/repository/org/springframework/boot/spring-boot-test/1.5.21.RELEASE/spring-boot-test-1.5.21.RELEASE.jar:/home/paulo/.m2/repository/org/springframework/boot/spring-boot-test-autoconfigure/1.5.21.RELEASE/spring-boot-test-autoconfigure-1.5.21.RELEASE.jar:/home/paulo/.m2/repository/com/jayway/jsonpath/json-path/2.2.0/json-path-2.2.0.jar:/home/paulo/.m2/repository/net/minidev/json-smart/2.2.1/json-smart-2.2.1.jar:/home/paulo/.m2/repository/net/minidev/accessors-smart/1.1/accessors-smart-1.1.jar:/home/paulo/.m2/repository/org/ow2/asm/asm/5.0.3/asm-5.0.3.jar:/home/paulo/.m2/repository/junit/junit/4.12/junit-4.12.jar:/home/paulo/.m2/repository/org/assertj/assertj-core/2.6.0/assertj-core-2.6.0.jar:/home/paulo/.m2/repository/org/mockito/mockito-core/1.10.19/mockito-core-1.10.19.jar:/home/paulo/.m2/repository/org/objenesis/objenesis/2.1/objenesis-2.1.jar:/home/paulo/.m2/repository/org/hamcrest/hamcrest-core/1.3/hamcrest-core-1.3.jar:/home/paulo/.m2/repository/org/hamcrest/hamcrest-library/1.3/hamcrest-library-1.3.jar:/home/paulo/.m2/repository/org/skyscreamer/jsonassert/1.4.0/jsonassert-1.4.0.jar:/home/paulo/.m2/repository/com/vaadin/external/google/android-json/0.0.20131108.vaadin1/android-json-0.0.20131108.vaadin1.jar:/home/paulo/.m2/repository/org/springframework/spring-core/4.3.24.RELEASE/spring-core-4.3.24.RELEASE.jar:/home/paulo/.m2/repository/org/springframework/spring-test/4.3.24.RELEASE/spring-test-4.3.24.RELEASE.jar:/home/paulo/.m2/repository/org/apache/commons/commons-dbcp2/2.1.1/commons-dbcp2-2.1.1.jar:/home/paulo/.m2/repository/org/apache/commons/commons-pool2/2.4.3/commons-pool2-2.4.3.jar:/home/paulo/.m2/repository/commons-logging/commons-logging/1.2/commons-logging-1.2.jar:/home/paulo/.m2/repository/org/springframework/boot/spring-boot-configuration-processor/1.5.21.RELEASE/spring-boot-configuration-processor-1.5.21.RELEASE.jar:/home/paulo/.m2/repository/org/apache/commons/commons-csv/1.1/commons-csv-1.1.jar:/home/paulo/.m2/repository/commons-io/commons-io/2.6/commons-io-2.6.jar:/home/paulo/.m2/repository/com/googlecode/json-simple/json-simple/1.1.1/json-simple-1.1.1.jar:/home/paulo/.m2/repository/io/springfox/springfox-swagger2/2.6.1/springfox-swagger2-2.6.1.jar:/home/paulo/.m2/repository/io/swagger/swagger-annotations/1.5.10/swagger-annotations-1.5.10.jar:/home/paulo/.m2/repository/io/swagger/swagger-models/1.5.10/swagger-models-1.5.10.jar:/home/paulo/.m2/repository/io/springfox/springfox-spi/2.6.1/springfox-spi-2.6.1.jar:/home/paulo/.m2/repository/io/springfox/springfox-core/2.6.1/springfox-core-2.6.1.jar:/home/paulo/.m2/repository/io/springfox/springfox-schema/2.6.1/springfox-schema-2.6.1.jar:/home/paulo/.m2/repository/io/springfox/springfox-swagger-common/2.6.1/springfox-swagger-common-2.6.1.jar:/home/paulo/.m2/repository/io/springfox/springfox-spring-web/2.6.1/springfox-spring-web-2.6.1.jar:/home/paulo/.m2/repository/com/google/guava/guava/18.0/guava-18.0.jar:/home/paulo/.m2/repository/com/fasterxml/classmate/1.3.4/classmate-1.3.4.jar:/home/paulo/.m2/repository/org/slf4j/slf4j-api/1.7.26/slf4j-api-1.7.26.jar:/home/paulo/.m2/repository/org/springframework/plugin/spring-plugin-core/1.2.0.RELEASE/spring-plugin-core-1.2.0.RELEASE.jar:/home/paulo/.m2/repository/org/springframework/plugin/spring-plugin-metadata/1.2.0.RELEASE/spring-plugin-metadata-1.2.0.RELEASE.jar:/home/paulo/.m2/repository/org/mapstruct/mapstruct/1.0.0.Final/mapstruct-1.0.0.Final.jar:/home/paulo/.m2/repository/io/springfox/springfox-swagger-ui/2.6.1/springfox-swagger-ui-2.6.1.jar:, java.specification.name=Java Platform API Specification, java.class.version=52.0, sun.management.compiler=HotSpot 64-Bit Tiered Compilers, os.version=4.15.0-29deepin-generic, user.home=/home/paulo, user.timezone=America/Fortaleza, java.awt.printerjob=sun.print.PSPrinterJob, file.encoding=UTF-8, java.specification.version=1.8, java.class.path=/home/paulo/eclipse-workspace/tegra-api/target/test-classes:/home/paulo/eclipse-workspace/tegra-api/target/classes:/home/paulo/.m2/repository/org/springframework/boot/spring-boot-starter-tomcat/1.5.21.RELEASE/spring-boot-starter-tomcat-1.5.21.RELEASE.jar:/home/paulo/.m2/repository/org/apache/tomcat/embed/tomcat-embed-core/8.5.40/tomcat-embed-core-8.5.40.jar:/home/paulo/.m2/repository/org/apache/tomcat/tomcat-annotations-api/8.5.40/tomcat-annotations-api-8.5.40.jar:/home/paulo/.m2/repository/org/apache/tomcat/embed/tomcat-embed-el/8.5.40/tomcat-embed-el-8.5.40.jar:/home/paulo/.m2/repository/org/apache/tomcat/embed/tomcat-embed-websocket/8.5.40/tomcat-embed-websocket-8.5.40.jar:/home/paulo/.m2/repository/org/springframework/boot/spring-boot-starter-web/1.5.21.RELEASE/spring-boot-starter-web-1.5.21.RELEASE.jar:/home/paulo/.m2/repository/org/springframework/boot/spring-boot-starter/1.5.21.RELEASE/spring-boot-starter-1.5.21.RELEASE.jar:/home/paulo/.m2/repository/org/springframework/boot/spring-boot-starter-logging/1.5.21.RELEASE/spring-boot-starter-logging-1.5.21.RELEASE.jar:/home/paulo/.m2/repository/ch/qos/logback/logback-classic/1.1.11/logback-classic-1.1.11.jar:/home/paulo/.m2/repository/ch/qos/logback/logback-core/1.1.11/logback-core-1.1.11.jar:/home/paulo/.m2/repository/org/slf4j/jcl-over-slf4j/1.7.26/jcl-over-slf4j-1.7.26.jar:/home/paulo/.m2/repository/org/slf4j/jul-to-slf4j/1.7.26/jul-to-slf4j-1.7.26.jar:/home/paulo/.m2/repository/org/slf4j/log4j-over-slf4j/1.7.26/log4j-over-slf4j-1.7.26.jar:/home/paulo/.m2/repository/org/yaml/snakeyaml/1.17/snakeyaml-1.17.jar:/home/paulo/.m2/repository/org/hibernate/hibernate-validator/5.3.6.Final/hibernate-validator-5.3.6.Final.jar:/home/paulo/.m2/repository/javax/validation/validation-api/1.1.0.Final/validation-api-1.1.0.Final.jar:/home/paulo/.m2/repository/org/jboss/logging/jboss-logging/3.3.2.Final/jboss-logging-3.3.2.Final.jar:/home/paulo/.m2/repository/com/fasterxml/jackson/core/jackson-databind/2.8.11.3/jackson-databind-2.8.11.3.jar:/home/paulo/.m2/repository/com/fasterxml/jackson/core/jackson-annotations/2.8.0/jackson-annotations-2.8.0.jar:/home/paulo/.m2/repository/com/fasterxml/jackson/core/jackson-core/2.8.11/jackson-core-2.8.11.jar:/home/paulo/.m2/repository/org/springframework/spring-web/4.3.24.RELEASE/spring-web-4.3.24.RELEASE.jar:/home/paulo/.m2/repository/org/springframework/spring-aop/4.3.24.RELEASE/spring-aop-4.3.24.RELEASE.jar:/home/paulo/.m2/repository/org/springframework/spring-beans/4.3.24.RELEASE/spring-beans-4.3.24.RELEASE.jar:/home/paulo/.m2/repository/org/springframework/spring-context/4.3.24.RELEASE/spring-context-4.3.24.RELEASE.jar:/home/paulo/.m2/repository/org/springframework/spring-webmvc/4.3.24.RELEASE/spring-webmvc-4.3.24.RELEASE.jar:/home/paulo/.m2/repository/org/springframework/spring-expression/4.3.24.RELEASE/spring-expression-4.3.24.RELEASE.jar:/home/paulo/.m2/repository/org/springframework/boot/spring-boot-devtools/1.5.21.RELEASE/spring-boot-devtools-1.5.21.RELEASE.jar:/home/paulo/.m2/repository/org/springframework/boot/spring-boot/1.5.21.RELEASE/spring-boot-1.5.21.RELEASE.jar:/home/paulo/.m2/repository/org/springframework/boot/spring-boot-autoconfigure/1.5.21.RELEASE/spring-boot-autoconfigure-1.5.21.RELEASE.jar:/home/paulo/.m2/repository/org/springframework/boot/spring-boot-starter-test/1.5.21.RELEASE/spring-boot-starter-test-1.5.21.RELEASE.jar:/home/paulo/.m2/repository/org/springframework/boot/spring-boot-test/1.5.21.RELEASE/spring-boot-test-1.5.21.RELEASE.jar:/home/paulo/.m2/repository/org/springframework/boot/spring-boot-test-autoconfigure/1.5.21.RELEASE/spring-boot-test-autoconfigure-1.5.21.RELEASE.jar:/home/paulo/.m2/repository/com/jayway/jsonpath/json-path/2.2.0/json-path-2.2.0.jar:/home/paulo/.m2/repository/net/minidev/json-smart/2.2.1/json-smart-2.2.1.jar:/home/paulo/.m2/repository/net/minidev/accessors-smart/1.1/accessors-smart-1.1.jar:/home/paulo/.m2/repository/org/ow2/asm/asm/5.0.3/asm-5.0.3.jar:/home/paulo/.m2/repository/junit/junit/4.12/junit-4.12.jar:/home/paulo/.m2/repository/org/assertj/assertj-core/2.6.0/assertj-core-2.6.0.jar:/home/paulo/.m2/repository/org/mockito/mockito-core/1.10.19/mockito-core-1.10.19.jar:/home/paulo/.m2/repository/org/objenesis/objenesis/2.1/objenesis-2.1.jar:/home/paulo/.m2/repository/org/hamcrest/hamcrest-core/1.3/hamcrest-core-1.3.jar:/home/paulo/.m2/repository/org/hamcrest/hamcrest-library/1.3/hamcrest-library-1.3.jar:/home/paulo/.m2/repository/org/skyscreamer/jsonassert/1.4.0/jsonassert-1.4.0.jar:/home/paulo/.m2/repository/com/vaadin/external/google/android-json/0.0.20131108.vaadin1/android-json-0.0.20131108.vaadin1.jar:/home/paulo/.m2/repository/org/springframework/spring-core/4.3.24.RELEASE/spring-core-4.3.24.RELEASE.jar:/home/paulo/.m2/repository/org/springframework/spring-test/4.3.24.RELEASE/spring-test-4.3.24.RELEASE.jar:/home/paulo/.m2/repository/org/apache/commons/commons-dbcp2/2.1.1/commons-dbcp2-2.1.1.jar:/home/paulo/.m2/repository/org/apache/commons/commons-pool2/2.4.3/commons-pool2-2.4.3.jar:/home/paulo/.m2/repository/commons-logging/commons-logging/1.2/commons-logging-1.2.jar:/home/paulo/.m2/repository/org/springframework/boot/spring-boot-configuration-processor/1.5.21.RELEASE/spring-boot-configuration-processor-1.5.21.RELEASE.jar:/home/paulo/.m2/repository/org/apache/commons/commons-csv/1.1/commons-csv-1.1.jar:/home/paulo/.m2/repository/commons-io/commons-io/2.6/commons-io-2.6.jar:/home/paulo/.m2/repository/com/googlecode/json-simple/json-simple/1.1.1/json-simple-1.1.1.jar:/home/paulo/.m2/repository/io/springfox/springfox-swagger2/2.6.1/springfox-swagger2-2.6.1.jar:/home/paulo/.m2/repository/io/swagger/swagger-annotations/1.5.10/swagger-annotations-1.5.10.jar:/home/paulo/.m2/repository/io/swagger/swagger-models/1.5.10/swagger-models-1.5.10.jar:/home/paulo/.m2/repository/io/springfox/springfox-spi/2.6.1/springfox-spi-2.6.1.jar:/home/paulo/.m2/repository/io/springfox/springfox-core/2.6.1/springfox-core-2.6.1.jar:/home/paulo/.m2/repository/io/springfox/springfox-schema/2.6.1/springfox-schema-2.6.1.jar:/home/paulo/.m2/repository/io/springfox/springfox-swagger-common/2.6.1/springfox-swagger-common-2.6.1.jar:/home/paulo/.m2/repository/io/springfox/springfox-spring-web/2.6.1/springfox-spring-web-2.6.1.jar:/home/paulo/.m2/repository/com/google/guava/guava/18.0/guava-18.0.jar:/home/paulo/.m2/repository/com/fasterxml/classmate/1.3.4/classmate-1.3.4.jar:/home/paulo/.m2/repository/org/slf4j/slf4j-api/1.7.26/slf4j-api-1.7.26.jar:/home/paulo/.m2/repository/org/springframework/plugin/spring-plugin-core/1.2.0.RELEASE/spring-plugin-core-1.2.0.RELEASE.jar:/home/paulo/.m2/repository/org/springframework/plugin/spring-plugin-metadata/1.2.0.RELEASE/spring-plugin-metadata-1.2.0.RELEASE.jar:/home/paulo/.m2/repository/org/mapstruct/mapstruct/1.0.0.Final/mapstruct-1.0.0.Final.jar:/home/paulo/.m2/repository/io/springfox/springfox-swagger-ui/2.6.1/springfox-swagger-ui-2.6.1.jar:, user.name=paulo, java.vm.specification.version=1.8, sun.java.command=/home/paulo/eclipse-workspace/tegra-api/target/surefire/surefirebooter7332515555028373460.jar /home/paulo/eclipse-workspace/tegra-api/target/surefire/surefire1520374997371999838tmp /home/paulo/eclipse-workspace/tegra-api/target/surefire/surefire_07453585137766798253tmp, java.home=/usr/lib/jvm/java-8-openjdk-amd64/jre, sun.arch.data.model=64, user.language=pt, java.specification.vendor=Oracle Corporation, awt.toolkit=sun.awt.X11.XToolkit, java.vm.info=mixed mode, java.version=1.8.0_171, java.ext.dirs=/usr/lib/jvm/java-8-openjdk-amd64/jre/lib/ext:/usr/java/packages/lib/ext, sun.boot.class.path=/usr/lib/jvm/java-8-openjdk-amd64/jre/lib/resources.jar:/usr/lib/jvm/java-8-openjdk-amd64/jre/lib/rt.jar:/usr/lib/jvm/java-8-openjdk-amd64/jre/lib/sunrsasign.jar:/usr/lib/jvm/java-8-openjdk-amd64/jre/lib/jsse.jar:/usr/lib/jvm/java-8-openjdk-amd64/jre/lib/jce.jar:/usr/lib/jvm/java-8-openjdk-amd64/jre/lib/charsets.jar:/usr/lib/jvm/java-8-openjdk-amd64/jre/lib/jfr.jar:/usr/lib/jvm/java-8-openjdk-amd64/jre/classes, java.vendor=Oracle Corporation, localRepository=/home/paulo/.m2/repository, file.separator=/, java.vendor.url.bug=http://bugreport.sun.com/bugreport/, sun.io.unicode.encoding=UnicodeLittle, sun.cpu.endian=little, sun.desktop=gnome, sun.cpu.isalist=}}, SystemEnvironmentPropertySource@410495873 {name='systemEnvironment', properties={PATH=/usr/local/bin:/usr/bin:/bin:/usr/local/games:/usr/games:/sbin:/usr/sbin:/snap/bin, XAUTHORITY=/home/paulo/.Xauthority, XDG_DATA_DIRS=/home/paulo/.local/share/flatpak/exports/share:/var/lib/flatpak/exports/share:/usr/local/share:/usr/share:/var/lib/snapd/desktop, GDMSESSION=deepin, DEEPIN_WINE_SCALE=1.25, LANG=pt_BR.UTF-8, DBUS_SESSION_BUS_ADDRESS=unix:abstract=/tmp/dbus-9HFd2z2y20,guid=d0b351ca89c3460df577fe8b5d4ae3b1, XDG_SEAT_PATH=/org/freedesktop/DisplayManager/Seat0, XDG_SESSION_ID=2, XDG_SESSION_TYPE=x11, XDG_CURRENT_DESKTOP=Deepin, DISPLAY=:0, LOGNAME=paulo, PWD=/home/paulo/eclipse-workspace/tegra-api, LANGUAGE=pt_BR, SHELL=/bin/bash, QT_DBL_CLICK_DIST=18, XDG_GREETER_DATA_DIR=/var/lib/lightdm/data/paulo, GIO_LAUNCHED_DESKTOP_FILE=/home/paulo/.config/dock/scratch/w:748936ef6db7fc917de4fd18b6a2b595.desktop, GPG_AGENT_INFO=/run/user/1000/gnupg/S.gpg-agent:0:1, DESKTOP_SESSION=deepin, OLDPWD=/home/paulo/eclipse-workspace/tegra-api, USER=paulo, GIO_LAUNCHED_DESKTOP_FILE_PID=4840, GNOME_DESKTOP_SESSION_ID=this-is-deprecated, SSH_AUTH_SOCK=/run/user/1000/keyring/ssh, XDG_SEAT=seat0, XDG_SESSION_PATH=/org/freedesktop/DisplayManager/Session0, _JAVA_OPTIONS=  -Dawt.useSystemAAFontSettings=gasp, XDG_VTNR=1, XDG_SESSION_DESKTOP=deepin, XDG_RUNTIME_DIR=/run/user/1000, HOME=/home/paulo, SHLVL=0}}]
23:45:38.742 [main] DEBUG org.springframework.core.io.support.PathMatchingResourcePatternResolver - Resolved classpath location [com/paulocorreaslz/sisevent/] to resources [URL [file:/home/paulo/eclipse-workspace/tegra-api/target/test-classes/com/paulocorreaslz/sisevent/]]
23:45:38.742 [main] DEBUG org.springframework.core.io.support.PathMatchingResourcePatternResolver - Looking for matching resources in directory tree [/home/paulo/eclipse-workspace/tegra-api/target/test-classes/com/paulocorreaslz/sisevent]
23:45:38.743 [main] DEBUG org.springframework.core.io.support.PathMatchingResourcePatternResolver - Searching directory [/home/paulo/eclipse-workspace/tegra-api/target/test-classes/com/paulocorreaslz/sisevent] for files matching pattern [/home/paulo/eclipse-workspace/tegra-api/target/test-classes/com/paulocorreaslz/sisevent/*.class]
23:45:38.745 [main] DEBUG org.springframework.core.io.support.PathMatchingResourcePatternResolver - Resolved location pattern [classpath*:com/paulocorreaslz/sisevent/*.class] to resources [file [/home/paulo/eclipse-workspace/tegra-api/target/test-classes/com/paulocorreaslz/sisevent/SiseventApplicationTests.class]]
23:45:38.756 [main] DEBUG org.springframework.core.io.support.PathMatchingResourcePatternResolver - Resolved classpath location [com/paulocorreaslz/] to resources [URL [file:/home/paulo/eclipse-workspace/tegra-api/target/test-classes/com/paulocorreaslz/], URL [file:/home/paulo/eclipse-workspace/tegra-api/target/classes/com/paulocorreaslz/]]
23:45:38.756 [main] DEBUG org.springframework.core.io.support.PathMatchingResourcePatternResolver - Looking for matching resources in directory tree [/home/paulo/eclipse-workspace/tegra-api/target/test-classes/com/paulocorreaslz]
23:45:38.756 [main] DEBUG org.springframework.core.io.support.PathMatchingResourcePatternResolver - Searching directory [/home/paulo/eclipse-workspace/tegra-api/target/test-classes/com/paulocorreaslz] for files matching pattern [/home/paulo/eclipse-workspace/tegra-api/target/test-classes/com/paulocorreaslz/*.class]
23:45:38.756 [main] DEBUG org.springframework.core.io.support.PathMatchingResourcePatternResolver - Looking for matching resources in directory tree [/home/paulo/eclipse-workspace/tegra-api/target/classes/com/paulocorreaslz]
23:45:38.756 [main] DEBUG org.springframework.core.io.support.PathMatchingResourcePatternResolver - Searching directory [/home/paulo/eclipse-workspace/tegra-api/target/classes/com/paulocorreaslz] for files matching pattern [/home/paulo/eclipse-workspace/tegra-api/target/classes/com/paulocorreaslz/*.class]
23:45:38.757 [main] DEBUG org.springframework.core.io.support.PathMatchingResourcePatternResolver - Resolved location pattern [classpath*:com/paulocorreaslz/*.class] to resources []
23:45:38.757 [main] DEBUG org.springframework.core.io.support.PathMatchingResourcePatternResolver - Resolved classpath location [com/] to resources [URL [jar:file:/usr/lib/jvm/java-8-openjdk-amd64/jre/lib/ext/jfxrt.jar!/com/], URL [file:/home/paulo/eclipse-workspace/tegra-api/target/test-classes/com/], URL [file:/home/paulo/eclipse-workspace/tegra-api/target/classes/com/], URL [jar:file:/home/paulo/.m2/repository/com/fasterxml/jackson/core/jackson-databind/2.8.11.3/jackson-databind-2.8.11.3.jar!/com/], URL [jar:file:/home/paulo/.m2/repository/com/fasterxml/jackson/core/jackson-annotations/2.8.0/jackson-annotations-2.8.0.jar!/com/], URL [jar:file:/home/paulo/.m2/repository/com/fasterxml/jackson/core/jackson-core/2.8.11/jackson-core-2.8.11.jar!/com/], URL [jar:file:/home/paulo/.m2/repository/com/jayway/jsonpath/json-path/2.2.0/json-path-2.2.0.jar!/com/], URL [jar:file:/home/paulo/.m2/repository/com/google/guava/guava/18.0/guava-18.0.jar!/com/], URL [jar:file:/home/paulo/.m2/repository/com/fasterxml/classmate/1.3.4/classmate-1.3.4.jar!/com/]]
23:45:38.758 [main] DEBUG org.springframework.core.io.support.PathMatchingResourcePatternResolver - Looking for matching resources in jar file [file:/usr/lib/jvm/java-8-openjdk-amd64/jre/lib/ext/jfxrt.jar]
23:45:38.777 [main] DEBUG org.springframework.core.io.support.PathMatchingResourcePatternResolver - Looking for matching resources in directory tree [/home/paulo/eclipse-workspace/tegra-api/target/test-classes/com]
23:45:38.777 [main] DEBUG org.springframework.core.io.support.PathMatchingResourcePatternResolver - Searching directory [/home/paulo/eclipse-workspace/tegra-api/target/test-classes/com] for files matching pattern [/home/paulo/eclipse-workspace/tegra-api/target/test-classes/com/*.class]
23:45:38.777 [main] DEBUG org.springframework.core.io.support.PathMatchingResourcePatternResolver - Looking for matching resources in directory tree [/home/paulo/eclipse-workspace/tegra-api/target/classes/com]
23:45:38.777 [main] DEBUG org.springframework.core.io.support.PathMatchingResourcePatternResolver - Searching directory [/home/paulo/eclipse-workspace/tegra-api/target/classes/com] for files matching pattern [/home/paulo/eclipse-workspace/tegra-api/target/classes/com/*.class]
23:45:38.777 [main] DEBUG org.springframework.core.io.support.PathMatchingResourcePatternResolver - Looking for matching resources in jar file [file:/home/paulo/.m2/repository/com/fasterxml/jackson/core/jackson-databind/2.8.11.3/jackson-databind-2.8.11.3.jar]
23:45:38.779 [main] DEBUG org.springframework.core.io.support.PathMatchingResourcePatternResolver - Looking for matching resources in jar file [file:/home/paulo/.m2/repository/com/fasterxml/jackson/core/jackson-annotations/2.8.0/jackson-annotations-2.8.0.jar]
23:45:38.780 [main] DEBUG org.springframework.core.io.support.PathMatchingResourcePatternResolver - Looking for matching resources in jar file [file:/home/paulo/.m2/repository/com/fasterxml/jackson/core/jackson-core/2.8.11/jackson-core-2.8.11.jar]
23:45:38.780 [main] DEBUG org.springframework.core.io.support.PathMatchingResourcePatternResolver - Looking for matching resources in jar file [file:/home/paulo/.m2/repository/com/jayway/jsonpath/json-path/2.2.0/json-path-2.2.0.jar]
23:45:38.781 [main] DEBUG org.springframework.core.io.support.PathMatchingResourcePatternResolver - Looking for matching resources in jar file [file:/home/paulo/.m2/repository/com/google/guava/guava/18.0/guava-18.0.jar]
23:45:38.786 [main] DEBUG org.springframework.core.io.support.PathMatchingResourcePatternResolver - Looking for matching resources in jar file [file:/home/paulo/.m2/repository/com/fasterxml/classmate/1.3.4/classmate-1.3.4.jar]
23:45:38.786 [main] DEBUG org.springframework.core.io.support.PathMatchingResourcePatternResolver - Resolved location pattern [classpath*:com/*.class] to resources []
23:45:38.789 [main] DEBUG org.springframework.test.context.junit4.SpringJUnit4ClassRunner - SpringJUnit4ClassRunner constructor called with [class com.paulocorreaslz.sisevent.SiseventApplicationTests]
23:45:38.789 [main] DEBUG org.springframework.test.context.BootstrapUtils - Instantiating CacheAwareContextLoaderDelegate from class [org.springframework.test.context.cache.DefaultCacheAwareContextLoaderDelegate]
23:45:38.790 [main] DEBUG org.springframework.test.context.BootstrapUtils - Instantiating BootstrapContext using constructor [public org.springframework.test.context.support.DefaultBootstrapContext(java.lang.Class,org.springframework.test.context.CacheAwareContextLoaderDelegate)]
23:45:38.790 [main] DEBUG org.springframework.test.context.BootstrapUtils - Instantiating TestContextBootstrapper for test class [com.paulocorreaslz.sisevent.SiseventApplicationTests] from class [org.springframework.boot.test.context.SpringBootTestContextBootstrapper]
23:45:38.790 [main] INFO org.springframework.boot.test.context.SpringBootTestContextBootstrapper - Neither @ContextConfiguration nor @ContextHierarchy found for test class [com.paulocorreaslz.sisevent.SiseventApplicationTests], using SpringBootContextLoader
23:45:38.791 [main] DEBUG org.springframework.test.context.support.AbstractContextLoader - Did not detect default resource location for test class [com.paulocorreaslz.sisevent.SiseventApplicationTests]: class path resource [com/paulocorreaslz/sisevent/SiseventApplicationTests-context.xml] does not exist
23:45:38.791 [main] DEBUG org.springframework.test.context.support.AbstractContextLoader - Did not detect default resource location for test class [com.paulocorreaslz.sisevent.SiseventApplicationTests]: class path resource [com/paulocorreaslz/sisevent/SiseventApplicationTestsContext.groovy] does not exist
23:45:38.791 [main] INFO org.springframework.test.context.support.AbstractContextLoader - Could not detect default resource locations for test class [com.paulocorreaslz.sisevent.SiseventApplicationTests]: no resource found for suffixes {-context.xml, Context.groovy}.
23:45:38.791 [main] INFO org.springframework.test.context.support.AnnotationConfigContextLoaderUtils - Could not detect default configuration classes for test class [com.paulocorreaslz.sisevent.SiseventApplicationTests]: SiseventApplicationTests does not declare any static, non-private, non-final, nested classes annotated with @Configuration.
23:45:38.794 [main] DEBUG org.springframework.test.context.support.ActiveProfilesUtils - Could not find an 'annotation declaring class' for annotation type [org.springframework.test.context.ActiveProfiles] and class [com.paulocorreaslz.sisevent.SiseventApplicationTests]
23:45:38.794 [main] DEBUG org.springframework.core.env.StandardEnvironment - Adding PropertySource 'systemProperties' with lowest search precedence
23:45:38.794 [main] DEBUG org.springframework.core.env.StandardEnvironment - Adding PropertySource 'systemEnvironment' with lowest search precedence
23:45:38.795 [main] DEBUG org.springframework.core.env.StandardEnvironment - Initialized StandardEnvironment with PropertySources [MapPropertySource@603856241 {name='systemProperties', properties={java.runtime.name=OpenJDK Runtime Environment, awt.useSystemAAFontSettings=gasp, sun.boot.library.path=/usr/lib/jvm/java-8-openjdk-amd64/jre/lib/amd64, java.vm.version=25.171-b11, java.vm.vendor=Oracle Corporation, java.vendor.url=http://java.oracle.com/, path.separator=:, java.vm.name=OpenJDK 64-Bit Server VM, file.encoding.pkg=sun.io, user.country=BR, sun.java.launcher=SUN_STANDARD, sun.os.patch.level=unknown, java.vm.specification.name=Java Virtual Machine Specification, user.dir=/home/paulo/eclipse-workspace/tegra-api, java.runtime.version=1.8.0_171-8u171-b11-2-b11, basedir=/home/paulo/eclipse-workspace/tegra-api, java.awt.graphicsenv=sun.awt.X11GraphicsEnvironment, java.endorsed.dirs=/usr/lib/jvm/java-8-openjdk-amd64/jre/lib/endorsed, os.arch=amd64, surefire.real.class.path=/home/paulo/eclipse-workspace/tegra-api/target/surefire/surefirebooter7332515555028373460.jar, java.io.tmpdir=/tmp, line.separator=
, java.vm.specification.vendor=Oracle Corporation, os.name=Linux, sun.jnu.encoding=UTF-8, java.library.path=/usr/java/packages/lib/amd64:/usr/lib/x86_64-linux-gnu/jni:/lib/x86_64-linux-gnu:/usr/lib/x86_64-linux-gnu:/usr/lib/jni:/lib:/usr/lib, surefire.test.class.path=/home/paulo/eclipse-workspace/tegra-api/target/test-classes:/home/paulo/eclipse-workspace/tegra-api/target/classes:/home/paulo/.m2/repository/org/springframework/boot/spring-boot-starter-tomcat/1.5.21.RELEASE/spring-boot-starter-tomcat-1.5.21.RELEASE.jar:/home/paulo/.m2/repository/org/apache/tomcat/embed/tomcat-embed-core/8.5.40/tomcat-embed-core-8.5.40.jar:/home/paulo/.m2/repository/org/apache/tomcat/tomcat-annotations-api/8.5.40/tomcat-annotations-api-8.5.40.jar:/home/paulo/.m2/repository/org/apache/tomcat/embed/tomcat-embed-el/8.5.40/tomcat-embed-el-8.5.40.jar:/home/paulo/.m2/repository/org/apache/tomcat/embed/tomcat-embed-websocket/8.5.40/tomcat-embed-websocket-8.5.40.jar:/home/paulo/.m2/repository/org/springframework/boot/spring-boot-starter-web/1.5.21.RELEASE/spring-boot-starter-web-1.5.21.RELEASE.jar:/home/paulo/.m2/repository/org/springframework/boot/spring-boot-starter/1.5.21.RELEASE/spring-boot-starter-1.5.21.RELEASE.jar:/home/paulo/.m2/repository/org/springframework/boot/spring-boot-starter-logging/1.5.21.RELEASE/spring-boot-starter-logging-1.5.21.RELEASE.jar:/home/paulo/.m2/repository/ch/qos/logback/logback-classic/1.1.11/logback-classic-1.1.11.jar:/home/paulo/.m2/repository/ch/qos/logback/logback-core/1.1.11/logback-core-1.1.11.jar:/home/paulo/.m2/repository/org/slf4j/jcl-over-slf4j/1.7.26/jcl-over-slf4j-1.7.26.jar:/home/paulo/.m2/repository/org/slf4j/jul-to-slf4j/1.7.26/jul-to-slf4j-1.7.26.jar:/home/paulo/.m2/repository/org/slf4j/log4j-over-slf4j/1.7.26/log4j-over-slf4j-1.7.26.jar:/home/paulo/.m2/repository/org/yaml/snakeyaml/1.17/snakeyaml-1.17.jar:/home/paulo/.m2/repository/org/hibernate/hibernate-validator/5.3.6.Final/hibernate-validator-5.3.6.Final.jar:/home/paulo/.m2/repository/javax/validation/validation-api/1.1.0.Final/validation-api-1.1.0.Final.jar:/home/paulo/.m2/repository/org/jboss/logging/jboss-logging/3.3.2.Final/jboss-logging-3.3.2.Final.jar:/home/paulo/.m2/repository/com/fasterxml/jackson/core/jackson-databind/2.8.11.3/jackson-databind-2.8.11.3.jar:/home/paulo/.m2/repository/com/fasterxml/jackson/core/jackson-annotations/2.8.0/jackson-annotations-2.8.0.jar:/home/paulo/.m2/repository/com/fasterxml/jackson/core/jackson-core/2.8.11/jackson-core-2.8.11.jar:/home/paulo/.m2/repository/org/springframework/spring-web/4.3.24.RELEASE/spring-web-4.3.24.RELEASE.jar:/home/paulo/.m2/repository/org/springframework/spring-aop/4.3.24.RELEASE/spring-aop-4.3.24.RELEASE.jar:/home/paulo/.m2/repository/org/springframework/spring-beans/4.3.24.RELEASE/spring-beans-4.3.24.RELEASE.jar:/home/paulo/.m2/repository/org/springframework/spring-context/4.3.24.RELEASE/spring-context-4.3.24.RELEASE.jar:/home/paulo/.m2/repository/org/springframework/spring-webmvc/4.3.24.RELEASE/spring-webmvc-4.3.24.RELEASE.jar:/home/paulo/.m2/repository/org/springframework/spring-expression/4.3.24.RELEASE/spring-expression-4.3.24.RELEASE.jar:/home/paulo/.m2/repository/org/springframework/boot/spring-boot-devtools/1.5.21.RELEASE/spring-boot-devtools-1.5.21.RELEASE.jar:/home/paulo/.m2/repository/org/springframework/boot/spring-boot/1.5.21.RELEASE/spring-boot-1.5.21.RELEASE.jar:/home/paulo/.m2/repository/org/springframework/boot/spring-boot-autoconfigure/1.5.21.RELEASE/spring-boot-autoconfigure-1.5.21.RELEASE.jar:/home/paulo/.m2/repository/org/springframework/boot/spring-boot-starter-test/1.5.21.RELEASE/spring-boot-starter-test-1.5.21.RELEASE.jar:/home/paulo/.m2/repository/org/springframework/boot/spring-boot-test/1.5.21.RELEASE/spring-boot-test-1.5.21.RELEASE.jar:/home/paulo/.m2/repository/org/springframework/boot/spring-boot-test-autoconfigure/1.5.21.RELEASE/spring-boot-test-autoconfigure-1.5.21.RELEASE.jar:/home/paulo/.m2/repository/com/jayway/jsonpath/json-path/2.2.0/json-path-2.2.0.jar:/home/paulo/.m2/repository/net/minidev/json-smart/2.2.1/json-smart-2.2.1.jar:/home/paulo/.m2/repository/net/minidev/accessors-smart/1.1/accessors-smart-1.1.jar:/home/paulo/.m2/repository/org/ow2/asm/asm/5.0.3/asm-5.0.3.jar:/home/paulo/.m2/repository/junit/junit/4.12/junit-4.12.jar:/home/paulo/.m2/repository/org/assertj/assertj-core/2.6.0/assertj-core-2.6.0.jar:/home/paulo/.m2/repository/org/mockito/mockito-core/1.10.19/mockito-core-1.10.19.jar:/home/paulo/.m2/repository/org/objenesis/objenesis/2.1/objenesis-2.1.jar:/home/paulo/.m2/repository/org/hamcrest/hamcrest-core/1.3/hamcrest-core-1.3.jar:/home/paulo/.m2/repository/org/hamcrest/hamcrest-library/1.3/hamcrest-library-1.3.jar:/home/paulo/.m2/repository/org/skyscreamer/jsonassert/1.4.0/jsonassert-1.4.0.jar:/home/paulo/.m2/repository/com/vaadin/external/google/android-json/0.0.20131108.vaadin1/android-json-0.0.20131108.vaadin1.jar:/home/paulo/.m2/repository/org/springframework/spring-core/4.3.24.RELEASE/spring-core-4.3.24.RELEASE.jar:/home/paulo/.m2/repository/org/springframework/spring-test/4.3.24.RELEASE/spring-test-4.3.24.RELEASE.jar:/home/paulo/.m2/repository/org/apache/commons/commons-dbcp2/2.1.1/commons-dbcp2-2.1.1.jar:/home/paulo/.m2/repository/org/apache/commons/commons-pool2/2.4.3/commons-pool2-2.4.3.jar:/home/paulo/.m2/repository/commons-logging/commons-logging/1.2/commons-logging-1.2.jar:/home/paulo/.m2/repository/org/springframework/boot/spring-boot-configuration-processor/1.5.21.RELEASE/spring-boot-configuration-processor-1.5.21.RELEASE.jar:/home/paulo/.m2/repository/org/apache/commons/commons-csv/1.1/commons-csv-1.1.jar:/home/paulo/.m2/repository/commons-io/commons-io/2.6/commons-io-2.6.jar:/home/paulo/.m2/repository/com/googlecode/json-simple/json-simple/1.1.1/json-simple-1.1.1.jar:/home/paulo/.m2/repository/io/springfox/springfox-swagger2/2.6.1/springfox-swagger2-2.6.1.jar:/home/paulo/.m2/repository/io/swagger/swagger-annotations/1.5.10/swagger-annotations-1.5.10.jar:/home/paulo/.m2/repository/io/swagger/swagger-models/1.5.10/swagger-models-1.5.10.jar:/home/paulo/.m2/repository/io/springfox/springfox-spi/2.6.1/springfox-spi-2.6.1.jar:/home/paulo/.m2/repository/io/springfox/springfox-core/2.6.1/springfox-core-2.6.1.jar:/home/paulo/.m2/repository/io/springfox/springfox-schema/2.6.1/springfox-schema-2.6.1.jar:/home/paulo/.m2/repository/io/springfox/springfox-swagger-common/2.6.1/springfox-swagger-common-2.6.1.jar:/home/paulo/.m2/repository/io/springfox/springfox-spring-web/2.6.1/springfox-spring-web-2.6.1.jar:/home/paulo/.m2/repository/com/google/guava/guava/18.0/guava-18.0.jar:/home/paulo/.m2/repository/com/fasterxml/classmate/1.3.4/classmate-1.3.4.jar:/home/paulo/.m2/repository/org/slf4j/slf4j-api/1.7.26/slf4j-api-1.7.26.jar:/home/paulo/.m2/repository/org/springframework/plugin/spring-plugin-core/1.2.0.RELEASE/spring-plugin-core-1.2.0.RELEASE.jar:/home/paulo/.m2/repository/org/springframework/plugin/spring-plugin-metadata/1.2.0.RELEASE/spring-plugin-metadata-1.2.0.RELEASE.jar:/home/paulo/.m2/repository/org/mapstruct/mapstruct/1.0.0.Final/mapstruct-1.0.0.Final.jar:/home/paulo/.m2/repository/io/springfox/springfox-swagger-ui/2.6.1/springfox-swagger-ui-2.6.1.jar:, java.specification.name=Java Platform API Specification, java.class.version=52.0, sun.management.compiler=HotSpot 64-Bit Tiered Compilers, os.version=4.15.0-29deepin-generic, user.home=/home/paulo, user.timezone=America/Fortaleza, java.awt.printerjob=sun.print.PSPrinterJob, file.encoding=UTF-8, java.specification.version=1.8, java.class.path=/home/paulo/eclipse-workspace/tegra-api/target/test-classes:/home/paulo/eclipse-workspace/tegra-api/target/classes:/home/paulo/.m2/repository/org/springframework/boot/spring-boot-starter-tomcat/1.5.21.RELEASE/spring-boot-starter-tomcat-1.5.21.RELEASE.jar:/home/paulo/.m2/repository/org/apache/tomcat/embed/tomcat-embed-core/8.5.40/tomcat-embed-core-8.5.40.jar:/home/paulo/.m2/repository/org/apache/tomcat/tomcat-annotations-api/8.5.40/tomcat-annotations-api-8.5.40.jar:/home/paulo/.m2/repository/org/apache/tomcat/embed/tomcat-embed-el/8.5.40/tomcat-embed-el-8.5.40.jar:/home/paulo/.m2/repository/org/apache/tomcat/embed/tomcat-embed-websocket/8.5.40/tomcat-embed-websocket-8.5.40.jar:/home/paulo/.m2/repository/org/springframework/boot/spring-boot-starter-web/1.5.21.RELEASE/spring-boot-starter-web-1.5.21.RELEASE.jar:/home/paulo/.m2/repository/org/springframework/boot/spring-boot-starter/1.5.21.RELEASE/spring-boot-starter-1.5.21.RELEASE.jar:/home/paulo/.m2/repository/org/springframework/boot/spring-boot-starter-logging/1.5.21.RELEASE/spring-boot-starter-logging-1.5.21.RELEASE.jar:/home/paulo/.m2/repository/ch/qos/logback/logback-classic/1.1.11/logback-classic-1.1.11.jar:/home/paulo/.m2/repository/ch/qos/logback/logback-core/1.1.11/logback-core-1.1.11.jar:/home/paulo/.m2/repository/org/slf4j/jcl-over-slf4j/1.7.26/jcl-over-slf4j-1.7.26.jar:/home/paulo/.m2/repository/org/slf4j/jul-to-slf4j/1.7.26/jul-to-slf4j-1.7.26.jar:/home/paulo/.m2/repository/org/slf4j/log4j-over-slf4j/1.7.26/log4j-over-slf4j-1.7.26.jar:/home/paulo/.m2/repository/org/yaml/snakeyaml/1.17/snakeyaml-1.17.jar:/home/paulo/.m2/repository/org/hibernate/hibernate-validator/5.3.6.Final/hibernate-validator-5.3.6.Final.jar:/home/paulo/.m2/repository/javax/validation/validation-api/1.1.0.Final/validation-api-1.1.0.Final.jar:/home/paulo/.m2/repository/org/jboss/logging/jboss-logging/3.3.2.Final/jboss-logging-3.3.2.Final.jar:/home/paulo/.m2/repository/com/fasterxml/jackson/core/jackson-databind/2.8.11.3/jackson-databind-2.8.11.3.jar:/home/paulo/.m2/repository/com/fasterxml/jackson/core/jackson-annotations/2.8.0/jackson-annotations-2.8.0.jar:/home/paulo/.m2/repository/com/fasterxml/jackson/core/jackson-core/2.8.11/jackson-core-2.8.11.jar:/home/paulo/.m2/repository/org/springframework/spring-web/4.3.24.RELEASE/spring-web-4.3.24.RELEASE.jar:/home/paulo/.m2/repository/org/springframework/spring-aop/4.3.24.RELEASE/spring-aop-4.3.24.RELEASE.jar:/home/paulo/.m2/repository/org/springframework/spring-beans/4.3.24.RELEASE/spring-beans-4.3.24.RELEASE.jar:/home/paulo/.m2/repository/org/springframework/spring-context/4.3.24.RELEASE/spring-context-4.3.24.RELEASE.jar:/home/paulo/.m2/repository/org/springframework/spring-webmvc/4.3.24.RELEASE/spring-webmvc-4.3.24.RELEASE.jar:/home/paulo/.m2/repository/org/springframework/spring-expression/4.3.24.RELEASE/spring-expression-4.3.24.RELEASE.jar:/home/paulo/.m2/repository/org/springframework/boot/spring-boot-devtools/1.5.21.RELEASE/spring-boot-devtools-1.5.21.RELEASE.jar:/home/paulo/.m2/repository/org/springframework/boot/spring-boot/1.5.21.RELEASE/spring-boot-1.5.21.RELEASE.jar:/home/paulo/.m2/repository/org/springframework/boot/spring-boot-autoconfigure/1.5.21.RELEASE/spring-boot-autoconfigure-1.5.21.RELEASE.jar:/home/paulo/.m2/repository/org/springframework/boot/spring-boot-starter-test/1.5.21.RELEASE/spring-boot-starter-test-1.5.21.RELEASE.jar:/home/paulo/.m2/repository/org/springframework/boot/spring-boot-test/1.5.21.RELEASE/spring-boot-test-1.5.21.RELEASE.jar:/home/paulo/.m2/repository/org/springframework/boot/spring-boot-test-autoconfigure/1.5.21.RELEASE/spring-boot-test-autoconfigure-1.5.21.RELEASE.jar:/home/paulo/.m2/repository/com/jayway/jsonpath/json-path/2.2.0/json-path-2.2.0.jar:/home/paulo/.m2/repository/net/minidev/json-smart/2.2.1/json-smart-2.2.1.jar:/home/paulo/.m2/repository/net/minidev/accessors-smart/1.1/accessors-smart-1.1.jar:/home/paulo/.m2/repository/org/ow2/asm/asm/5.0.3/asm-5.0.3.jar:/home/paulo/.m2/repository/junit/junit/4.12/junit-4.12.jar:/home/paulo/.m2/repository/org/assertj/assertj-core/2.6.0/assertj-core-2.6.0.jar:/home/paulo/.m2/repository/org/mockito/mockito-core/1.10.19/mockito-core-1.10.19.jar:/home/paulo/.m2/repository/org/objenesis/objenesis/2.1/objenesis-2.1.jar:/home/paulo/.m2/repository/org/hamcrest/hamcrest-core/1.3/hamcrest-core-1.3.jar:/home/paulo/.m2/repository/org/hamcrest/hamcrest-library/1.3/hamcrest-library-1.3.jar:/home/paulo/.m2/repository/org/skyscreamer/jsonassert/1.4.0/jsonassert-1.4.0.jar:/home/paulo/.m2/repository/com/vaadin/external/google/android-json/0.0.20131108.vaadin1/android-json-0.0.20131108.vaadin1.jar:/home/paulo/.m2/repository/org/springframework/spring-core/4.3.24.RELEASE/spring-core-4.3.24.RELEASE.jar:/home/paulo/.m2/repository/org/springframework/spring-test/4.3.24.RELEASE/spring-test-4.3.24.RELEASE.jar:/home/paulo/.m2/repository/org/apache/commons/commons-dbcp2/2.1.1/commons-dbcp2-2.1.1.jar:/home/paulo/.m2/repository/org/apache/commons/commons-pool2/2.4.3/commons-pool2-2.4.3.jar:/home/paulo/.m2/repository/commons-logging/commons-logging/1.2/commons-logging-1.2.jar:/home/paulo/.m2/repository/org/springframework/boot/spring-boot-configuration-processor/1.5.21.RELEASE/spring-boot-configuration-processor-1.5.21.RELEASE.jar:/home/paulo/.m2/repository/org/apache/commons/commons-csv/1.1/commons-csv-1.1.jar:/home/paulo/.m2/repository/commons-io/commons-io/2.6/commons-io-2.6.jar:/home/paulo/.m2/repository/com/googlecode/json-simple/json-simple/1.1.1/json-simple-1.1.1.jar:/home/paulo/.m2/repository/io/springfox/springfox-swagger2/2.6.1/springfox-swagger2-2.6.1.jar:/home/paulo/.m2/repository/io/swagger/swagger-annotations/1.5.10/swagger-annotations-1.5.10.jar:/home/paulo/.m2/repository/io/swagger/swagger-models/1.5.10/swagger-models-1.5.10.jar:/home/paulo/.m2/repository/io/springfox/springfox-spi/2.6.1/springfox-spi-2.6.1.jar:/home/paulo/.m2/repository/io/springfox/springfox-core/2.6.1/springfox-core-2.6.1.jar:/home/paulo/.m2/repository/io/springfox/springfox-schema/2.6.1/springfox-schema-2.6.1.jar:/home/paulo/.m2/repository/io/springfox/springfox-swagger-common/2.6.1/springfox-swagger-common-2.6.1.jar:/home/paulo/.m2/repository/io/springfox/springfox-spring-web/2.6.1/springfox-spring-web-2.6.1.jar:/home/paulo/.m2/repository/com/google/guava/guava/18.0/guava-18.0.jar:/home/paulo/.m2/repository/com/fasterxml/classmate/1.3.4/classmate-1.3.4.jar:/home/paulo/.m2/repository/org/slf4j/slf4j-api/1.7.26/slf4j-api-1.7.26.jar:/home/paulo/.m2/repository/org/springframework/plugin/spring-plugin-core/1.2.0.RELEASE/spring-plugin-core-1.2.0.RELEASE.jar:/home/paulo/.m2/repository/org/springframework/plugin/spring-plugin-metadata/1.2.0.RELEASE/spring-plugin-metadata-1.2.0.RELEASE.jar:/home/paulo/.m2/repository/org/mapstruct/mapstruct/1.0.0.Final/mapstruct-1.0.0.Final.jar:/home/paulo/.m2/repository/io/springfox/springfox-swagger-ui/2.6.1/springfox-swagger-ui-2.6.1.jar:, user.name=paulo, java.vm.specification.version=1.8, sun.java.command=/home/paulo/eclipse-workspace/tegra-api/target/surefire/surefirebooter7332515555028373460.jar /home/paulo/eclipse-workspace/tegra-api/target/surefire/surefire1520374997371999838tmp /home/paulo/eclipse-workspace/tegra-api/target/surefire/surefire_07453585137766798253tmp, java.home=/usr/lib/jvm/java-8-openjdk-amd64/jre, sun.arch.data.model=64, user.language=pt, java.specification.vendor=Oracle Corporation, awt.toolkit=sun.awt.X11.XToolkit, java.vm.info=mixed mode, java.version=1.8.0_171, java.ext.dirs=/usr/lib/jvm/java-8-openjdk-amd64/jre/lib/ext:/usr/java/packages/lib/ext, sun.boot.class.path=/usr/lib/jvm/java-8-openjdk-amd64/jre/lib/resources.jar:/usr/lib/jvm/java-8-openjdk-amd64/jre/lib/rt.jar:/usr/lib/jvm/java-8-openjdk-amd64/jre/lib/sunrsasign.jar:/usr/lib/jvm/java-8-openjdk-amd64/jre/lib/jsse.jar:/usr/lib/jvm/java-8-openjdk-amd64/jre/lib/jce.jar:/usr/lib/jvm/java-8-openjdk-amd64/jre/lib/charsets.jar:/usr/lib/jvm/java-8-openjdk-amd64/jre/lib/jfr.jar:/usr/lib/jvm/java-8-openjdk-amd64/jre/classes, java.vendor=Oracle Corporation, localRepository=/home/paulo/.m2/repository, file.separator=/, java.vendor.url.bug=http://bugreport.sun.com/bugreport/, sun.io.unicode.encoding=UnicodeLittle, sun.cpu.endian=little, sun.desktop=gnome, sun.cpu.isalist=}}, SystemEnvironmentPropertySource@682376643 {name='systemEnvironment', properties={PATH=/usr/local/bin:/usr/bin:/bin:/usr/local/games:/usr/games:/sbin:/usr/sbin:/snap/bin, XAUTHORITY=/home/paulo/.Xauthority, XDG_DATA_DIRS=/home/paulo/.local/share/flatpak/exports/share:/var/lib/flatpak/exports/share:/usr/local/share:/usr/share:/var/lib/snapd/desktop, GDMSESSION=deepin, DEEPIN_WINE_SCALE=1.25, LANG=pt_BR.UTF-8, DBUS_SESSION_BUS_ADDRESS=unix:abstract=/tmp/dbus-9HFd2z2y20,guid=d0b351ca89c3460df577fe8b5d4ae3b1, XDG_SEAT_PATH=/org/freedesktop/DisplayManager/Seat0, XDG_SESSION_ID=2, XDG_SESSION_TYPE=x11, XDG_CURRENT_DESKTOP=Deepin, DISPLAY=:0, LOGNAME=paulo, PWD=/home/paulo/eclipse-workspace/tegra-api, LANGUAGE=pt_BR, SHELL=/bin/bash, QT_DBL_CLICK_DIST=18, XDG_GREETER_DATA_DIR=/var/lib/lightdm/data/paulo, GIO_LAUNCHED_DESKTOP_FILE=/home/paulo/.config/dock/scratch/w:748936ef6db7fc917de4fd18b6a2b595.desktop, GPG_AGENT_INFO=/run/user/1000/gnupg/S.gpg-agent:0:1, DESKTOP_SESSION=deepin, OLDPWD=/home/paulo/eclipse-workspace/tegra-api, USER=paulo, GIO_LAUNCHED_DESKTOP_FILE_PID=4840, GNOME_DESKTOP_SESSION_ID=this-is-deprecated, SSH_AUTH_SOCK=/run/user/1000/keyring/ssh, XDG_SEAT=seat0, XDG_SESSION_PATH=/org/freedesktop/DisplayManager/Session0, _JAVA_OPTIONS=  -Dawt.useSystemAAFontSettings=gasp, XDG_VTNR=1, XDG_SESSION_DESKTOP=deepin, XDG_RUNTIME_DIR=/run/user/1000, HOME=/home/paulo, SHLVL=0}}]
23:45:38.796 [main] DEBUG org.springframework.core.io.support.PathMatchingResourcePatternResolver - Resolved classpath location [com/paulocorreaslz/sisevent/] to resources [URL [file:/home/paulo/eclipse-workspace/tegra-api/target/test-classes/com/paulocorreaslz/sisevent/]]
23:45:38.796 [main] DEBUG org.springframework.core.io.support.PathMatchingResourcePatternResolver - Looking for matching resources in directory tree [/home/paulo/eclipse-workspace/tegra-api/target/test-classes/com/paulocorreaslz/sisevent]
23:45:38.796 [main] DEBUG org.springframework.core.io.support.PathMatchingResourcePatternResolver - Searching directory [/home/paulo/eclipse-workspace/tegra-api/target/test-classes/com/paulocorreaslz/sisevent] for files matching pattern [/home/paulo/eclipse-workspace/tegra-api/target/test-classes/com/paulocorreaslz/sisevent/*.class]
23:45:38.797 [main] DEBUG org.springframework.core.io.support.PathMatchingResourcePatternResolver - Resolved location pattern [classpath*:com/paulocorreaslz/sisevent/*.class] to resources [file [/home/paulo/eclipse-workspace/tegra-api/target/test-classes/com/paulocorreaslz/sisevent/SiseventApplicationTests.class]]
23:45:38.798 [main] DEBUG org.springframework.core.io.support.PathMatchingResourcePatternResolver - Resolved classpath location [com/paulocorreaslz/] to resources [URL [file:/home/paulo/eclipse-workspace/tegra-api/target/test-classes/com/paulocorreaslz/], URL [file:/home/paulo/eclipse-workspace/tegra-api/target/classes/com/paulocorreaslz/]]
23:45:38.798 [main] DEBUG org.springframework.core.io.support.PathMatchingResourcePatternResolver - Looking for matching resources in directory tree [/home/paulo/eclipse-workspace/tegra-api/target/test-classes/com/paulocorreaslz]
23:45:38.798 [main] DEBUG org.springframework.core.io.support.PathMatchingResourcePatternResolver - Searching directory [/home/paulo/eclipse-workspace/tegra-api/target/test-classes/com/paulocorreaslz] for files matching pattern [/home/paulo/eclipse-workspace/tegra-api/target/test-classes/com/paulocorreaslz/*.class]
23:45:38.798 [main] DEBUG org.springframework.core.io.support.PathMatchingResourcePatternResolver - Looking for matching resources in directory tree [/home/paulo/eclipse-workspace/tegra-api/target/classes/com/paulocorreaslz]
23:45:38.798 [main] DEBUG org.springframework.core.io.support.PathMatchingResourcePatternResolver - Searching directory [/home/paulo/eclipse-workspace/tegra-api/target/classes/com/paulocorreaslz] for files matching pattern [/home/paulo/eclipse-workspace/tegra-api/target/classes/com/paulocorreaslz/*.class]
23:45:38.799 [main] DEBUG org.springframework.core.io.support.PathMatchingResourcePatternResolver - Resolved location pattern [classpath*:com/paulocorreaslz/*.class] to resources []
23:45:38.800 [main] DEBUG org.springframework.core.io.support.PathMatchingResourcePatternResolver - Resolved classpath location [com/] to resources [URL [jar:file:/usr/lib/jvm/java-8-openjdk-amd64/jre/lib/ext/jfxrt.jar!/com/], URL [file:/home/paulo/eclipse-workspace/tegra-api/target/test-classes/com/], URL [file:/home/paulo/eclipse-workspace/tegra-api/target/classes/com/], URL [jar:file:/home/paulo/.m2/repository/com/fasterxml/jackson/core/jackson-databind/2.8.11.3/jackson-databind-2.8.11.3.jar!/com/], URL [jar:file:/home/paulo/.m2/repository/com/fasterxml/jackson/core/jackson-annotations/2.8.0/jackson-annotations-2.8.0.jar!/com/], URL [jar:file:/home/paulo/.m2/repository/com/fasterxml/jackson/core/jackson-core/2.8.11/jackson-core-2.8.11.jar!/com/], URL [jar:file:/home/paulo/.m2/repository/com/jayway/jsonpath/json-path/2.2.0/json-path-2.2.0.jar!/com/], URL [jar:file:/home/paulo/.m2/repository/com/google/guava/guava/18.0/guava-18.0.jar!/com/], URL [jar:file:/home/paulo/.m2/repository/com/fasterxml/classmate/1.3.4/classmate-1.3.4.jar!/com/]]
23:45:38.800 [main] DEBUG org.springframework.core.io.support.PathMatchingResourcePatternResolver - Looking for matching resources in jar file [file:/usr/lib/jvm/java-8-openjdk-amd64/jre/lib/ext/jfxrt.jar]
23:45:38.814 [main] DEBUG org.springframework.core.io.support.PathMatchingResourcePatternResolver - Looking for matching resources in directory tree [/home/paulo/eclipse-workspace/tegra-api/target/test-classes/com]
23:45:38.814 [main] DEBUG org.springframework.core.io.support.PathMatchingResourcePatternResolver - Searching directory [/home/paulo/eclipse-workspace/tegra-api/target/test-classes/com] for files matching pattern [/home/paulo/eclipse-workspace/tegra-api/target/test-classes/com/*.class]
23:45:38.814 [main] DEBUG org.springframework.core.io.support.PathMatchingResourcePatternResolver - Looking for matching resources in directory tree [/home/paulo/eclipse-workspace/tegra-api/target/classes/com]
23:45:38.814 [main] DEBUG org.springframework.core.io.support.PathMatchingResourcePatternResolver - Searching directory [/home/paulo/eclipse-workspace/tegra-api/target/classes/com] for files matching pattern [/home/paulo/eclipse-workspace/tegra-api/target/classes/com/*.class]
23:45:38.815 [main] DEBUG org.springframework.core.io.support.PathMatchingResourcePatternResolver - Looking for matching resources in jar file [file:/home/paulo/.m2/repository/com/fasterxml/jackson/core/jackson-databind/2.8.11.3/jackson-databind-2.8.11.3.jar]
23:45:38.816 [main] DEBUG org.springframework.core.io.support.PathMatchingResourcePatternResolver - Looking for matching resources in jar file [file:/home/paulo/.m2/repository/com/fasterxml/jackson/core/jackson-annotations/2.8.0/jackson-annotations-2.8.0.jar]
23:45:38.816 [main] DEBUG org.springframework.core.io.support.PathMatchingResourcePatternResolver - Looking for matching resources in jar file [file:/home/paulo/.m2/repository/com/fasterxml/jackson/core/jackson-core/2.8.11/jackson-core-2.8.11.jar]
23:45:38.816 [main] DEBUG org.springframework.core.io.support.PathMatchingResourcePatternResolver - Looking for matching resources in jar file [file:/home/paulo/.m2/repository/com/jayway/jsonpath/json-path/2.2.0/json-path-2.2.0.jar]
23:45:38.817 [main] DEBUG org.springframework.core.io.support.PathMatchingResourcePatternResolver - Looking for matching resources in jar file [file:/home/paulo/.m2/repository/com/google/guava/guava/18.0/guava-18.0.jar]
23:45:38.820 [main] DEBUG org.springframework.core.io.support.PathMatchingResourcePatternResolver - Looking for matching resources in jar file [file:/home/paulo/.m2/repository/com/fasterxml/classmate/1.3.4/classmate-1.3.4.jar]
23:45:38.820 [main] DEBUG org.springframework.core.io.support.PathMatchingResourcePatternResolver - Resolved location pattern [classpath*:com/*.class] to resources []
]]></system-out>
  </testcase>
</testsuite>